{"/Users/georgianalinalexandru/work/RickAndMorty/src/api/index.ts": {"path":"/Users/georgianalinalexandru/work/RickAndMorty/src/api/index.ts","statementMap":{"0":{"start":{"line":5,"column":29},"end":{"line":7,"column":1}},"1":{"start":{"line":6,"column":4},"end":{"line":6,"column":93}}},"fnMap":{"0":{"name":"(anonymous_0)","decl":{"start":{"line":5,"column":29},"end":{"line":5,"column":30}},"loc":{"start":{"line":5,"column":51},"end":{"line":7,"column":1}},"line":5}},"branchMap":{"0":{"loc":{"start":{"line":5,"column":30},"end":{"line":5,"column":46}},"type":"default-arg","locations":[{"start":{"line":5,"column":45},"end":{"line":5,"column":46}}],"line":5}},"s":{"0":1,"1":0},"f":{"0":0},"b":{"0":[0]},"_coverageSchema":"1a1c01bbd47fc00a2c39e90264f33305004495a9","hash":"544634d34a5c464ddf582c8d80bbb33ed919fd7d"}
,"/Users/georgianalinalexandru/work/RickAndMorty/src/common/colors.ts": {"path":"/Users/georgianalinalexandru/work/RickAndMorty/src/common/colors.ts","statementMap":{"0":{"start":{"line":1,"column":23},"end":{"line":5,"column":1}}},"fnMap":{},"branchMap":{},"s":{"0":2},"f":{},"b":{},"_coverageSchema":"1a1c01bbd47fc00a2c39e90264f33305004495a9","hash":"a16b11e3dd2d58b8580ff79b6b8e4fa20214ce6d"}
,"/Users/georgianalinalexandru/work/RickAndMorty/src/components/index.ts": {"path":"/Users/georgianalinalexandru/work/RickAndMorty/src/components/index.ts","statementMap":{},"fnMap":{},"branchMap":{},"s":{},"f":{},"b":{},"_coverageSchema":"1a1c01bbd47fc00a2c39e90264f33305004495a9","hash":"feded0dbefcb44e74c5a30d6494776b9055fbf4c"}
,"/Users/georgianalinalexandru/work/RickAndMorty/src/components/Card/index.tsx": {"path":"/Users/georgianalinalexandru/work/RickAndMorty/src/components/Card/index.tsx","statementMap":{"0":{"start":{"line":10,"column":34},"end":{"line":22,"column":1}},"1":{"start":{"line":11,"column":4},"end":{"line":21,"column":6}}},"fnMap":{"0":{"name":"(anonymous_0)","decl":{"start":{"line":10,"column":34},"end":{"line":10,"column":35}},"loc":{"start":{"line":10,"column":62},"end":{"line":22,"column":1}},"line":10}},"branchMap":{},"s":{"0":2,"1":10},"f":{"0":10},"b":{},"_coverageSchema":"1a1c01bbd47fc00a2c39e90264f33305004495a9","hash":"709e4e3c0feeae147036bfd72f1edf32a75d8c04"}
,"/Users/georgianalinalexandru/work/RickAndMorty/src/components/Card/styles.ts": {"path":"/Users/georgianalinalexandru/work/RickAndMorty/src/components/Card/styles.ts","statementMap":{"0":{"start":{"line":5,"column":15},"end":{"line":35,"column":2}}},"fnMap":{},"branchMap":{},"s":{"0":2},"f":{},"b":{},"_coverageSchema":"1a1c01bbd47fc00a2c39e90264f33305004495a9","hash":"32bfe8ab075a29458def8b25169f7b5a68a8e332"}
,"/Users/georgianalinalexandru/work/RickAndMorty/src/components/CoverImage/index.tsx": {"path":"/Users/georgianalinalexandru/work/RickAndMorty/src/components/CoverImage/index.tsx","statementMap":{"0":{"start":{"line":11,"column":46},"end":{"line":11,"column":149}},"1":{"start":{"line":11,"column":66},"end":{"line":11,"column":149}}},"fnMap":{"0":{"name":"(anonymous_0)","decl":{"start":{"line":11,"column":46},"end":{"line":11,"column":47}},"loc":{"start":{"line":11,"column":66},"end":{"line":11,"column":149}},"line":11}},"branchMap":{},"s":{"0":2,"1":11},"f":{"0":11},"b":{},"_coverageSchema":"1a1c01bbd47fc00a2c39e90264f33305004495a9","hash":"2ec19f4533afb2f60b1785d57787ef637b18a7a5"}
,"/Users/georgianalinalexandru/work/RickAndMorty/src/components/CoverImage/styles.ts": {"path":"/Users/georgianalinalexandru/work/RickAndMorty/src/components/CoverImage/styles.ts","statementMap":{"0":{"start":{"line":3,"column":15},"end":{"line":7,"column":2}}},"fnMap":{},"branchMap":{},"s":{"0":2},"f":{},"b":{},"_coverageSchema":"1a1c01bbd47fc00a2c39e90264f33305004495a9","hash":"2a708ffc1c28f6b862ac39ab04962dbacbb4f009"}
,"/Users/georgianalinalexandru/work/RickAndMorty/src/components/Name/index.tsx": {"path":"/Users/georgianalinalexandru/work/RickAndMorty/src/components/Name/index.tsx","statementMap":{"0":{"start":{"line":6,"column":34},"end":{"line":8,"column":1}},"1":{"start":{"line":7,"column":4},"end":{"line":7,"column":83}}},"fnMap":{"0":{"name":"(anonymous_0)","decl":{"start":{"line":6,"column":34},"end":{"line":6,"column":35}},"loc":{"start":{"line":7,"column":4},"end":{"line":7,"column":83}},"line":7}},"branchMap":{},"s":{"0":2,"1":11},"f":{"0":11},"b":{},"_coverageSchema":"1a1c01bbd47fc00a2c39e90264f33305004495a9","hash":"6218b0d865beb474090371e036d48d47822365a2"}
,"/Users/georgianalinalexandru/work/RickAndMorty/src/components/Name/styles.ts": {"path":"/Users/georgianalinalexandru/work/RickAndMorty/src/components/Name/styles.ts","statementMap":{"0":{"start":{"line":3,"column":15},"end":{"line":8,"column":2}}},"fnMap":{},"branchMap":{},"s":{"0":2},"f":{},"b":{},"_coverageSchema":"1a1c01bbd47fc00a2c39e90264f33305004495a9","hash":"2fca62006e6f9bd1e7f06e37db7544abd6f85415"}
,"/Users/georgianalinalexandru/work/RickAndMorty/src/context/index.tsx": {"path":"/Users/georgianalinalexandru/work/RickAndMorty/src/context/index.tsx","statementMap":{"0":{"start":{"line":8,"column":28},"end":{"line":11,"column":2}},"1":{"start":{"line":10,"column":31},"end":{"line":10,"column":40}},"2":{"start":{"line":13,"column":36},"end":{"line":40,"column":1}},"3":{"start":{"line":15,"column":40},"end":{"line":15,"column":69}},"4":{"start":{"line":16,"column":28},"end":{"line":16,"column":39}},"5":{"start":{"line":18,"column":32},"end":{"line":30,"column":5}},"6":{"start":{"line":19,"column":8},"end":{"line":29,"column":9}},"7":{"start":{"line":20,"column":42},"end":{"line":20,"column":67}},"8":{"start":{"line":23,"column":12},"end":{"line":23,"column":48}},"9":{"start":{"line":23,"column":33},"end":{"line":23,"column":46}},"10":{"start":{"line":25,"column":12},"end":{"line":25,"column":66}},"11":{"start":{"line":25,"column":39},"end":{"line":25,"column":64}},"12":{"start":{"line":28,"column":12},"end":{"line":28,"column":35}},"13":{"start":{"line":32,"column":4},"end":{"line":39,"column":5}}},"fnMap":{"0":{"name":"(anonymous_0)","decl":{"start":{"line":10,"column":25},"end":{"line":10,"column":26}},"loc":{"start":{"line":10,"column":31},"end":{"line":10,"column":40}},"line":10},"1":{"name":"(anonymous_1)","decl":{"start":{"line":13,"column":36},"end":{"line":13,"column":37}},"loc":{"start":{"line":13,"column":54},"end":{"line":40,"column":1}},"line":13},"2":{"name":"(anonymous_2)","decl":{"start":{"line":18,"column":32},"end":{"line":18,"column":33}},"loc":{"start":{"line":18,"column":44},"end":{"line":30,"column":5}},"line":18},"3":{"name":"(anonymous_3)","decl":{"start":{"line":23,"column":20},"end":{"line":23,"column":21}},"loc":{"start":{"line":23,"column":33},"end":{"line":23,"column":46}},"line":23},"4":{"name":"(anonymous_4)","decl":{"start":{"line":25,"column":26},"end":{"line":25,"column":27}},"loc":{"start":{"line":25,"column":39},"end":{"line":25,"column":64}},"line":25}},"branchMap":{},"s":{"0":1,"1":0,"2":1,"3":5,"4":5,"5":5,"6":2,"7":2,"8":2,"9":2,"10":2,"11":2,"12":0,"13":5},"f":{"0":0,"1":5,"2":2,"3":2,"4":2},"b":{},"_coverageSchema":"1a1c01bbd47fc00a2c39e90264f33305004495a9","hash":"64c334688e9251686da37c3f0225fc7b8b1e3d62"}
,"/Users/georgianalinalexandru/work/RickAndMorty/src/screens/Character/index.tsx": {"path":"/Users/georgianalinalexandru/work/RickAndMorty/src/screens/Character/index.tsx","statementMap":{"0":{"start":{"line":12,"column":18},"end":{"line":30,"column":1}},"1":{"start":{"line":14,"column":23},"end":{"line":14,"column":74}},"2":{"start":{"line":16,"column":4},"end":{"line":29,"column":5}}},"fnMap":{"0":{"name":"(anonymous_0)","decl":{"start":{"line":12,"column":18},"end":{"line":12,"column":19}},"loc":{"start":{"line":12,"column":24},"end":{"line":30,"column":1}},"line":12}},"branchMap":{},"s":{"0":1,"1":1,"2":1},"f":{"0":1},"b":{},"_coverageSchema":"1a1c01bbd47fc00a2c39e90264f33305004495a9","hash":"b64f3ff73aa8aee8fb58fe86bb38f89575ca1136"}
,"/Users/georgianalinalexandru/work/RickAndMorty/src/screens/Character/styles.ts": {"path":"/Users/georgianalinalexandru/work/RickAndMorty/src/screens/Character/styles.ts","statementMap":{"0":{"start":{"line":3,"column":15},"end":{"line":24,"column":2}}},"fnMap":{},"branchMap":{},"s":{"0":1},"f":{},"b":{},"_coverageSchema":"1a1c01bbd47fc00a2c39e90264f33305004495a9","hash":"088e0c52561782d79bb6b7a0a9232f2a059fb8af"}
,"/Users/georgianalinalexandru/work/RickAndMorty/src/screens/Characters/index.tsx": {"path":"/Users/georgianalinalexandru/work/RickAndMorty/src/screens/Characters/index.tsx","statementMap":{"0":{"start":{"line":12,"column":19},"end":{"line":43,"column":1}},"1":{"start":{"line":13,"column":25},"end":{"line":13,"column":84}},"2":{"start":{"line":18,"column":8},"end":{"line":18,"column":32}},"3":{"start":{"line":20,"column":4},"end":{"line":22,"column":10}},"4":{"start":{"line":21,"column":8},"end":{"line":21,"column":30}},"5":{"start":{"line":24,"column":23},"end":{"line":31,"column":5}},"6":{"start":{"line":25,"column":8},"end":{"line":30,"column":9}},"7":{"start":{"line":28,"column":31},"end":{"line":28,"column":58}},"8":{"start":{"line":33,"column":28},"end":{"line":33,"column":55}},"9":{"start":{"line":33,"column":34},"end":{"line":33,"column":55}},"10":{"start":{"line":35,"column":4},"end":{"line":42,"column":5}}},"fnMap":{"0":{"name":"(anonymous_0)","decl":{"start":{"line":12,"column":19},"end":{"line":12,"column":20}},"loc":{"start":{"line":12,"column":25},"end":{"line":43,"column":1}},"line":12},"1":{"name":"(anonymous_1)","decl":{"start":{"line":20,"column":14},"end":{"line":20,"column":15}},"loc":{"start":{"line":20,"column":20},"end":{"line":22,"column":5}},"line":20},"2":{"name":"(anonymous_2)","decl":{"start":{"line":24,"column":23},"end":{"line":24,"column":24}},"loc":{"start":{"line":24,"column":62},"end":{"line":31,"column":5}},"line":24},"3":{"name":"(anonymous_3)","decl":{"start":{"line":28,"column":25},"end":{"line":28,"column":26}},"loc":{"start":{"line":28,"column":31},"end":{"line":28,"column":58}},"line":28},"4":{"name":"(anonymous_4)","decl":{"start":{"line":33,"column":28},"end":{"line":33,"column":29}},"loc":{"start":{"line":33,"column":34},"end":{"line":33,"column":55}},"line":33}},"branchMap":{},"s":{"0":1,"1":6,"2":5,"3":5,"4":1,"5":5,"6":10,"7":0,"8":5,"9":1,"10":5},"f":{"0":6,"1":1,"2":10,"3":0,"4":1},"b":{},"_coverageSchema":"1a1c01bbd47fc00a2c39e90264f33305004495a9","hash":"fca6cc5297e67b73672e134615b7453bca15daf9"}
}
