TN:
SF:src/api/index.ts
FN:5,(anonymous_0)
FNF:1
FNH:0
FNDA:0,(anonymous_0)
DA:5,1
DA:6,0
LF:2
LH:1
BRDA:5,0,0,0
BRF:1
BRH:0
end_of_record
TN:
SF:src/common/colors.ts
FNF:0
FNH:0
DA:1,2
LF:1
LH:1
BRF:0
BRH:0
end_of_record
TN:
SF:src/components/index.ts
FNF:0
FNH:0
LF:0
LH:0
BRF:0
BRH:0
end_of_record
TN:
SF:src/components/Card/index.tsx
FN:10,(anonymous_0)
FNF:1
FNH:1
FNDA:10,(anonymous_0)
DA:10,2
DA:11,10
LF:2
LH:2
BRF:0
BRH:0
end_of_record
TN:
SF:src/components/Card/styles.ts
FNF:0
FNH:0
DA:5,2
LF:1
LH:1
BRF:0
BRH:0
end_of_record
TN:
SF:src/components/CoverImage/index.tsx
FN:11,(anonymous_0)
FNF:1
FNH:1
FNDA:11,(anonymous_0)
DA:11,11
LF:1
LH:1
BRF:0
BRH:0
end_of_record
TN:
SF:src/components/CoverImage/styles.ts
FNF:0
FNH:0
DA:3,2
LF:1
LH:1
BRF:0
BRH:0
end_of_record
TN:
SF:src/components/Name/index.tsx
FN:6,(anonymous_0)
FNF:1
FNH:1
FNDA:11,(anonymous_0)
DA:6,2
DA:7,11
LF:2
LH:2
BRF:0
BRH:0
end_of_record
TN:
SF:src/components/Name/styles.ts
FNF:0
FNH:0
DA:3,2
LF:1
LH:1
BRF:0
BRH:0
end_of_record
TN:
SF:src/context/index.tsx
FN:10,(anonymous_0)
FN:13,(anonymous_1)
FN:18,(anonymous_2)
FN:23,(anonymous_3)
FN:25,(anonymous_4)
FNF:5
FNH:4
FNDA:0,(anonymous_0)
FNDA:5,(anonymous_1)
FNDA:2,(anonymous_2)
FNDA:2,(anonymous_3)
FNDA:2,(anonymous_4)
DA:8,1
DA:10,0
DA:13,1
DA:15,5
DA:16,5
DA:18,5
DA:19,2
DA:20,2
DA:23,2
DA:25,2
DA:28,0
DA:32,5
LF:12
LH:10
BRF:0
BRH:0
end_of_record
TN:
SF:src/screens/Character/index.tsx
FN:12,(anonymous_0)
FNF:1
FNH:1
FNDA:1,(anonymous_0)
DA:12,1
DA:14,1
DA:16,1
LF:3
LH:3
BRF:0
BRH:0
end_of_record
TN:
SF:src/screens/Character/styles.ts
FNF:0
FNH:0
DA:3,1
LF:1
LH:1
BRF:0
BRH:0
end_of_record
TN:
SF:src/screens/Characters/index.tsx
FN:12,(anonymous_0)
FN:20,(anonymous_1)
FN:24,(anonymous_2)
FN:28,(anonymous_3)
FN:33,(anonymous_4)
FNF:5
FNH:4
FNDA:6,(anonymous_0)
FNDA:1,(anonymous_1)
FNDA:10,(anonymous_2)
FNDA:0,(anonymous_3)
FNDA:1,(anonymous_4)
DA:12,1
DA:13,6
DA:18,5
DA:20,5
DA:21,1
DA:24,5
DA:25,10
DA:28,0
DA:33,5
DA:35,5
LF:10
LH:9
BRF:0
BRH:0
end_of_record
